<?xml version="1.0" encoding="UTF-8"?>
<!-- Generated by org.testng.reporters.JUnitReportReporter -->
<testsuite skipped="0" hostname="DESKTOP-C48P2ES" name="com.orange.orangehrm.tests.LoginTests" tests="3" failures="0" timestamp="2023-05-23T01:43:33 IST" time="66.515" errors="0">
  <testcase name="validateTitle" time="26.137" classname="com.orange.orangehrm.tests.LoginTests"/>
  <system-out/>
  <testcase name="loginTest" time="20.734" classname="com.orange.orangehrm.tests.LoginTests"/>
  <system-out/>
  <testcase name="loginTestNegative" time="19.644" classname="com.orange.orangehrm.tests.LoginTests"/>
  <system-out/>
</testsuite> <!-- com.orange.orangehrm.tests.LoginTests -->
