<?xml version="1.0" encoding="UTF-8"?>
<!-- Generated by org.testng.reporters.JUnitReportReporter -->
<testsuite skipped="0" hostname="DESKTOP-C48P2ES" name="com.orange.orangehrm.tests.DashboardTests" tests="3" failures="0" timestamp="2023-05-23T01:43:33 IST" time="73.061" errors="0">
  <testcase name="validateAdminLinkClick" time="29.187" classname="com.orange.orangehrm.tests.DashboardTests"/>
  <system-out/>
  <testcase name="validatePIMLinkClick" time="19.065" classname="com.orange.orangehrm.tests.DashboardTests"/>
  <system-out/>
  <testcase name="validateStopwatchLinkClick" time="24.809" classname="com.orange.orangehrm.tests.DashboardTests"/>
  <system-out/>
</testsuite> <!-- com.orange.orangehrm.tests.DashboardTests -->
