<?xml version="1.0" encoding="UTF-8"?>
<!-- Generated by org.testng.reporters.JUnitReportReporter -->
<testsuite skipped="0" hostname="DESKTOP-C48P2ES" name="com.orange.orangehrm.tests.LoginTests" tests="3" failures="0" timestamp="2023-05-20T09:33:12 IST" time="63.839" errors="0">
  <testcase name="validateTitle" time="20.260" classname="com.orange.orangehrm.tests.LoginTests"/>
  <system-out/>
  <testcase name="loginTest" time="20.497" classname="com.orange.orangehrm.tests.LoginTests"/>
  <system-out/>
  <testcase name="loginTestNegative" time="23.082" classname="com.orange.orangehrm.tests.LoginTests"/>
  <system-out/>
</testsuite> <!-- com.orange.orangehrm.tests.LoginTests -->
