<?xml version="1.0" encoding="UTF-8"?>
<!-- Generated by org.testng.reporters.JUnitReportReporter -->
<testsuite skipped="0" hostname="DESKTOP-C48P2ES" name="com.orange.orangehrm.tests.DashboardTests" tests="3" failures="0" timestamp="2023-05-20T09:33:12 IST" time="86.193" errors="0">
  <testcase name="validateAdminLinkClick" time="30.437" classname="com.orange.orangehrm.tests.DashboardTests"/>
  <system-out/>
  <testcase name="validatePIMLinkClick" time="37.561" classname="com.orange.orangehrm.tests.DashboardTests"/>
  <system-out/>
  <testcase name="validateStopwatchLinkClick" time="18.195" classname="com.orange.orangehrm.tests.DashboardTests"/>
  <system-out/>
</testsuite> <!-- com.orange.orangehrm.tests.DashboardTests -->
