<?xml version="1.0" encoding="UTF-8"?>
<!-- Generated by org.testng.reporters.JUnitReportReporter -->
<testsuite hostname="TriptiKumar" failures="0" tests="1" name="com.orange.orangehrm.tests.GitTestKumar" time="0.020" errors="0" timestamp="2023-05-25T21:27:07 CDT" skipped="0">
  <testcase classname="com.orange.orangehrm.tests.GitTestKumar" name="test1" time="0.020"/>
  <system-out/>
</testsuite> <!-- com.orange.orangehrm.tests.GitTestKumar -->
